{"level":"info","message":"[CONNECTED TO DATABASE]","service":"user-service"}
{"level":"info","message":"[BACKEND-MICROSERVICE (http) LISTENING ON PORT:8000 ENV:undefined]","service":"user-service"}
{"level":"info","message":"Email with 6 digits code sent successfully to singhvaibhav558hr@gmail.com","service":"user-service"}
{"level":"info","message":"[CONNECTED TO DATABASE]","service":"user-service"}
{"level":"info","message":"[BACKEND-MICROSERVICE (http) LISTENING ON PORT:8000 ENV:undefined]","service":"user-service"}
{"level":"info","message":"Email with 6 digits code sent successfully to singhvaibhav558hr@gmail.com","service":"user-service"}
{"level":"info","message":"[CONNECTED TO DATABASE]","service":"user-service"}
{"level":"info","message":"[BACKEND-MICROSERVICE (http) LISTENING ON PORT:8000 ENV:undefined]","service":"user-service"}
{"level":"info","message":"[CONNECTED TO DATABASE]","service":"user-service"}
{"level":"info","message":"[BACKEND-MICROSERVICE (http) LISTENING ON PORT:8000 ENV:undefined]","service":"user-service"}
{"level":"info","message":"[CONNECTED TO DATABASE]","service":"user-service"}
{"level":"info","message":"[BACKEND-MICROSERVICE (http) LISTENING ON PORT:8000 ENV:undefined]","service":"user-service"}
{"level":"info","message":"Email with 6 digits code sent successfully to singhvaibhav558hr@gmail.com","service":"user-service"}
{"level":"info","message":"[CONNECTED TO DATABASE]","service":"user-service"}
{"level":"info","message":"[BACKEND-MICROSERVICE (http) LISTENING ON PORT:8000 ENV:undefined]","service":"user-service"}
{"level":"info","message":"Email with 6 digits code sent successfully to singhvaibhav558hr@gmail.com","service":"user-service"}
{"level":"info","message":"[CONNECTED TO DATABASE]","service":"user-service"}
{"level":"info","message":"[BACKEND-MICROSERVICE (http) LISTENING ON PORT:8000 ENV:undefined]","service":"user-service"}
{"level":"info","message":"Email with 6 digits code sent successfully to singhvaibhav558hr@gmail.com","service":"user-service"}
{"level":"info","message":"[CONNECTED TO DATABASE]","service":"user-service"}
{"level":"info","message":"[BACKEND-MICROSERVICE (http) LISTENING ON PORT:8000 ENV:undefined]","service":"user-service"}
{"level":"info","message":"Email with 6 digits code sent successfully to singhvaibhav558hr@gmail.com","service":"user-service"}
{"level":"error","message":"otp is not defined","service":"user-service"}
{"level":"info","message":"[CONNECTED TO DATABASE]","service":"user-service"}
{"level":"info","message":"[BACKEND-MICROSERVICE (http) LISTENING ON PORT:8000 ENV:undefined]","service":"user-service"}
{"level":"error","message":"otp is not defined","service":"user-service"}
{"level":"info","message":"[CONNECTED TO DATABASE]","service":"user-service"}
{"level":"info","message":"[BACKEND-MICROSERVICE (http) LISTENING ON PORT:8000 ENV:undefined]","service":"user-service"}
{"level":"error","message":"NULL is not defined","service":"user-service"}
{"level":"error","message":"NULL is not defined","service":"user-service"}
{"level":"info","message":"[CONNECTED TO DATABASE]","service":"user-service"}
{"level":"info","message":"[BACKEND-MICROSERVICE (http) LISTENING ON PORT:8000 ENV:undefined]","service":"user-service"}
{"level":"info","message":"[CONNECTED TO DATABASE]","service":"user-service"}
{"level":"info","message":"[BACKEND-MICROSERVICE (http) LISTENING ON PORT:8000 ENV:undefined]","service":"user-service"}
{"level":"info","message":"Email with 6 digits code sent successfully to singhvaibhav558hr@gmail.com","service":"user-service"}
{"level":"error","message":"NULL is not defined","service":"user-service"}
{"level":"info","message":"[CONNECTED TO DATABASE]","service":"user-service"}
{"level":"info","message":"[BACKEND-MICROSERVICE (http) LISTENING ON PORT:8000 ENV:undefined]","service":"user-service"}
{"level":"info","message":"[CONNECTED TO DATABASE]","service":"user-service"}
{"level":"info","message":"[BACKEND-MICROSERVICE (http) LISTENING ON PORT:8000 ENV:undefined]","service":"user-service"}
{"level":"error","message":"NULL is not defined","service":"user-service"}
{"level":"info","message":"[CONNECTED TO DATABASE]","service":"user-service"}
{"level":"info","message":"[BACKEND-MICROSERVICE (http) LISTENING ON PORT:8000 ENV:undefined]","service":"user-service"}
{"level":"error","message":"NULL is not defined","service":"user-service"}
{"level":"info","message":"[CONNECTED TO DATABASE]","service":"user-service"}
{"level":"info","message":"[BACKEND-MICROSERVICE (http) LISTENING ON PORT:8000 ENV:undefined]","service":"user-service"}
{"level":"error","message":"NULL is not defined","service":"user-service"}
{"level":"info","message":"[CONNECTED TO DATABASE]","service":"user-service"}
{"level":"info","message":"[BACKEND-MICROSERVICE (http) LISTENING ON PORT:8000 ENV:undefined]","service":"user-service"}
{"level":"error","message":"NULL is not defined","service":"user-service"}
{"level":"info","message":"[CONNECTED TO DATABASE]","service":"user-service"}
{"level":"info","message":"[BACKEND-MICROSERVICE (http) LISTENING ON PORT:8000 ENV:undefined]","service":"user-service"}
{"level":"info","message":"[CONNECTED TO DATABASE]","service":"user-service"}
{"level":"info","message":"[BACKEND-MICROSERVICE (http) LISTENING ON PORT:8000 ENV:undefined]","service":"user-service"}
{"level":"info","message":"[CONNECTED TO DATABASE]","service":"user-service"}
{"level":"info","message":"[BACKEND-MICROSERVICE (http) LISTENING ON PORT:8000 ENV:undefined]","service":"user-service"}
{"level":"error","message":"NULL is not defined","service":"user-service"}
{"level":"info","message":"[CONNECTED TO DATABASE]","service":"user-service"}
{"level":"info","message":"[BACKEND-MICROSERVICE (http) LISTENING ON PORT:8000 ENV:undefined]","service":"user-service"}
{"level":"error","message":"NULL is not defined","service":"user-service"}
{"level":"info","message":"[CONNECTED TO DATABASE]","service":"user-service"}
{"level":"info","message":"[BACKEND-MICROSERVICE (http) LISTENING ON PORT:8000 ENV:undefined]","service":"user-service"}
{"level":"info","message":"[CONNECTED TO DATABASE]","service":"user-service"}
{"level":"info","message":"[BACKEND-MICROSERVICE (http) LISTENING ON PORT:8000 ENV:undefined]","service":"user-service"}
{"level":"error","message":"NULL is not defined","service":"user-service"}
{"level":"info","message":"[CONNECTED TO DATABASE]","service":"user-service"}
{"level":"info","message":"[BACKEND-MICROSERVICE (http) LISTENING ON PORT:8000 ENV:undefined]","service":"user-service"}
{"level":"info","message":"[CONNECTED TO DATABASE]","service":"user-service"}
{"level":"info","message":"[BACKEND-MICROSERVICE (http) LISTENING ON PORT:8000 ENV:undefined]","service":"user-service"}
{"level":"info","message":"[CONNECTED TO DATABASE]","service":"user-service"}
{"level":"info","message":"[BACKEND-MICROSERVICE (http) LISTENING ON PORT:8000 ENV:undefined]","service":"user-service"}
{"level":"info","message":"[CONNECTED TO DATABASE]","service":"user-service"}
{"level":"info","message":"[BACKEND-MICROSERVICE (http) LISTENING ON PORT:8000 ENV:undefined]","service":"user-service"}
{"level":"info","message":"[CONNECTED TO DATABASE]","service":"user-service"}
{"level":"info","message":"[BACKEND-MICROSERVICE (http) LISTENING ON PORT:8000 ENV:undefined]","service":"user-service"}
{"level":"info","message":"[CONNECTED TO DATABASE]","service":"user-service"}
{"level":"info","message":"[BACKEND-MICROSERVICE (http) LISTENING ON PORT:8000 ENV:undefined]","service":"user-service"}
{"level":"info","message":"[CONNECTED TO DATABASE]","service":"user-service"}
{"level":"info","message":"[BACKEND-MICROSERVICE (http) LISTENING ON PORT:8000 ENV:undefined]","service":"user-service"}
{"level":"info","message":"[CONNECTED TO DATABASE]","service":"user-service"}
{"level":"info","message":"[BACKEND-MICROSERVICE (http) LISTENING ON PORT:8000 ENV:undefined]","service":"user-service"}
{"level":"info","message":"[CONNECTED TO DATABASE]","service":"user-service"}
{"level":"info","message":"[BACKEND-MICROSERVICE (http) LISTENING ON PORT:8000 ENV:undefined]","service":"user-service"}
{"level":"info","message":"[CONNECTED TO DATABASE]","service":"user-service"}
{"level":"info","message":"[BACKEND-MICROSERVICE (http) LISTENING ON PORT:8000 ENV:undefined]","service":"user-service"}
{"level":"info","message":"[CONNECTED TO DATABASE]","service":"user-service"}
{"level":"info","message":"[BACKEND-MICROSERVICE (http) LISTENING ON PORT:8000 ENV:undefined]","service":"user-service"}
{"level":"info","message":"[CONNECTED TO DATABASE]","service":"user-service"}
{"level":"info","message":"[BACKEND-MICROSERVICE (http) LISTENING ON PORT:8000 ENV:undefined]","service":"user-service"}
{"level":"info","message":"[CONNECTED TO DATABASE]","service":"user-service"}
{"level":"info","message":"[BACKEND-MICROSERVICE (http) LISTENING ON PORT:8000 ENV:undefined]","service":"user-service"}
{"level":"info","message":"[CONNECTED TO DATABASE]","service":"user-service"}
{"level":"info","message":"[BACKEND-MICROSERVICE (http) LISTENING ON PORT:8000 ENV:undefined]","service":"user-service"}
{"level":"info","message":"[CONNECTED TO DATABASE]","service":"user-service"}
{"level":"info","message":"[BACKEND-MICROSERVICE (http) LISTENING ON PORT:8000 ENV:undefined]","service":"user-service"}
{"level":"info","message":"[CONNECTED TO DATABASE]","service":"user-service"}
{"level":"info","message":"[BACKEND-MICROSERVICE (http) LISTENING ON PORT:8000 ENV:undefined]","service":"user-service"}
{"level":"info","message":"[CONNECTED TO DATABASE]","service":"user-service"}
{"level":"info","message":"[BACKEND-MICROSERVICE (http) LISTENING ON PORT:8000 ENV:undefined]","service":"user-service"}
{"level":"info","message":"[CONNECTED TO DATABASE]","service":"user-service"}
{"level":"info","message":"[BACKEND-MICROSERVICE (http) LISTENING ON PORT:8000 ENV:undefined]","service":"user-service"}
{"level":"info","message":"[CONNECTED TO DATABASE]","service":"user-service"}
{"level":"info","message":"[BACKEND-MICROSERVICE (http) LISTENING ON PORT:8000 ENV:undefined]","service":"user-service"}
{"level":"info","message":"[CONNECTED TO DATABASE]","service":"user-service"}
{"level":"info","message":"[BACKEND-MICROSERVICE (http) LISTENING ON PORT:8000 ENV:undefined]","service":"user-service"}
{"level":"info","message":"[CONNECTED TO DATABASE]","service":"user-service"}
{"level":"info","message":"[BACKEND-MICROSERVICE (http) LISTENING ON PORT:8000 ENV:undefined]","service":"user-service"}
{"level":"info","message":"[CONNECTED TO DATABASE]","service":"user-service"}
{"level":"info","message":"[BACKEND-MICROSERVICE (http) LISTENING ON PORT:8000 ENV:undefined]","service":"user-service"}
{"level":"info","message":"[CONNECTED TO DATABASE]","service":"user-service"}
{"level":"info","message":"[BACKEND-MICROSERVICE (http) LISTENING ON PORT:8000 ENV:undefined]","service":"user-service"}
{"level":"info","message":"[CONNECTED TO DATABASE]","service":"user-service"}
{"level":"info","message":"[BACKEND-MICROSERVICE (http) LISTENING ON PORT:8000 ENV:undefined]","service":"user-service"}
{"level":"info","message":"[CONNECTED TO DATABASE]","service":"user-service"}
{"level":"info","message":"[BACKEND-MICROSERVICE (http) LISTENING ON PORT:8000 ENV:undefined]","service":"user-service"}
{"level":"info","message":"[CONNECTED TO DATABASE]","service":"user-service"}
{"level":"info","message":"[BACKEND-MICROSERVICE (http) LISTENING ON PORT:8000 ENV:undefined]","service":"user-service"}
{"level":"info","message":"[CONNECTED TO DATABASE]","service":"user-service"}
{"level":"info","message":"[BACKEND-MICROSERVICE (http) LISTENING ON PORT:8000 ENV:undefined]","service":"user-service"}
{"level":"info","message":"[CONNECTED TO DATABASE]","service":"user-service"}
{"level":"info","message":"[BACKEND-MICROSERVICE (http) LISTENING ON PORT:8000 ENV:undefined]","service":"user-service"}
{"level":"info","message":"[CONNECTED TO DATABASE]","service":"user-service"}
{"level":"info","message":"[BACKEND-MICROSERVICE (http) LISTENING ON PORT:8000 ENV:undefined]","service":"user-service"}
{"level":"info","message":"[CONNECTED TO DATABASE]","service":"user-service"}
{"level":"info","message":"[BACKEND-MICROSERVICE (http) LISTENING ON PORT:8000 ENV:undefined]","service":"user-service"}
{"level":"info","message":"[CONNECTED TO DATABASE]","service":"user-service"}
{"level":"info","message":"[BACKEND-MICROSERVICE (http) LISTENING ON PORT:8000 ENV:undefined]","service":"user-service"}
{"level":"info","message":"[CONNECTED TO DATABASE]","service":"user-service"}
{"level":"info","message":"[BACKEND-MICROSERVICE (http) LISTENING ON PORT:8000 ENV:undefined]","service":"user-service"}
{"level":"info","message":"[CONNECTED TO DATABASE]","service":"user-service"}
{"level":"info","message":"[BACKEND-MICROSERVICE (http) LISTENING ON PORT:8000 ENV:undefined]","service":"user-service"}
{"level":"info","message":"[CONNECTED TO DATABASE]","service":"user-service"}
{"level":"info","message":"[BACKEND-MICROSERVICE (http) LISTENING ON PORT:8000 ENV:undefined]","service":"user-service"}
{"level":"info","message":"[CONNECTED TO DATABASE]","service":"user-service"}
{"level":"info","message":"[BACKEND-MICROSERVICE (http) LISTENING ON PORT:8000 ENV:undefined]","service":"user-service"}
{"level":"info","message":"[CONNECTED TO DATABASE]","service":"user-service"}
{"level":"info","message":"[BACKEND-MICROSERVICE (http) LISTENING ON PORT:8000 ENV:undefined]","service":"user-service"}
{"level":"info","message":"[CONNECTED TO DATABASE]","service":"user-service"}
{"level":"info","message":"[BACKEND-MICROSERVICE (http) LISTENING ON PORT:8000 ENV:undefined]","service":"user-service"}
{"level":"info","message":"[CONNECTED TO DATABASE]","service":"user-service"}
{"level":"info","message":"[BACKEND-MICROSERVICE (http) LISTENING ON PORT:8000 ENV:undefined]","service":"user-service"}
{"level":"info","message":"[CONNECTED TO DATABASE]","service":"user-service"}
{"level":"info","message":"[BACKEND-MICROSERVICE (http) LISTENING ON PORT:8000 ENV:undefined]","service":"user-service"}
{"level":"info","message":"[CONNECTED TO DATABASE]","service":"user-service"}
{"level":"info","message":"[BACKEND-MICROSERVICE (http) LISTENING ON PORT:8000 ENV:undefined]","service":"user-service"}
{"level":"info","message":"[CONNECTED TO DATABASE]","service":"user-service"}
{"level":"info","message":"[BACKEND-MICROSERVICE (http) LISTENING ON PORT:8000 ENV:undefined]","service":"user-service"}
{"level":"info","message":"[CONNECTED TO DATABASE]","service":"user-service"}
{"level":"info","message":"[BACKEND-MICROSERVICE (http) LISTENING ON PORT:8000 ENV:undefined]","service":"user-service"}
{"level":"info","message":"[CONNECTED TO DATABASE]","service":"user-service"}
{"level":"info","message":"[BACKEND-MICROSERVICE (http) LISTENING ON PORT:8000 ENV:undefined]","service":"user-service"}
{"level":"info","message":"[CONNECTED TO DATABASE]","service":"user-service"}
{"level":"info","message":"[BACKEND-MICROSERVICE (http) LISTENING ON PORT:8000 ENV:undefined]","service":"user-service"}
{"level":"info","message":"[CONNECTED TO DATABASE]","service":"user-service"}
{"level":"info","message":"[BACKEND-MICROSERVICE (http) LISTENING ON PORT:8000 ENV:undefined]","service":"user-service"}
{"level":"info","message":"[CONNECTED TO DATABASE]","service":"user-service"}
{"level":"info","message":"[BACKEND-MICROSERVICE (http) LISTENING ON PORT:8000 ENV:undefined]","service":"user-service"}
{"level":"info","message":"[CONNECTED TO DATABASE]","service":"user-service"}
{"level":"info","message":"[BACKEND-MICROSERVICE (http) LISTENING ON PORT:8000 ENV:undefined]","service":"user-service"}
{"level":"info","message":"[CONNECTED TO DATABASE]","service":"user-service"}
{"level":"info","message":"[BACKEND-MICROSERVICE (http) LISTENING ON PORT:8000 ENV:undefined]","service":"user-service"}
{"level":"info","message":"[CONNECTED TO DATABASE]","service":"user-service"}
{"level":"info","message":"[BACKEND-MICROSERVICE (http) LISTENING ON PORT:8000 ENV:undefined]","service":"user-service"}
{"level":"info","message":"[CONNECTED TO DATABASE]","service":"user-service"}
{"level":"info","message":"[BACKEND-MICROSERVICE (http) LISTENING ON PORT:8000 ENV:undefined]","service":"user-service"}
{"level":"info","message":"[CONNECTED TO DATABASE]","service":"user-service"}
{"level":"info","message":"[BACKEND-MICROSERVICE (http) LISTENING ON PORT:8000 ENV:undefined]","service":"user-service"}
{"level":"info","message":"[CONNECTED TO DATABASE]","service":"user-service"}
{"level":"info","message":"[BACKEND-MICROSERVICE (http) LISTENING ON PORT:8000 ENV:undefined]","service":"user-service"}
{"level":"info","message":"[CONNECTED TO DATABASE]","service":"user-service"}
{"level":"info","message":"[BACKEND-MICROSERVICE (http) LISTENING ON PORT:8000 ENV:undefined]","service":"user-service"}
{"level":"info","message":"[CONNECTED TO DATABASE]","service":"user-service"}
{"level":"info","message":"[BACKEND-MICROSERVICE (http) LISTENING ON PORT:8000 ENV:undefined]","service":"user-service"}
{"level":"info","message":"[CONNECTED TO DATABASE]","service":"user-service"}
{"level":"info","message":"[BACKEND-MICROSERVICE (http) LISTENING ON PORT:8000 ENV:undefined]","service":"user-service"}
{"level":"info","message":"[CONNECTED TO DATABASE]","service":"user-service"}
{"level":"info","message":"[BACKEND-MICROSERVICE (http) LISTENING ON PORT:8000 ENV:undefined]","service":"user-service"}
{"level":"error","message":"Error while creating discount Cannot read properties of undefined (reading 'create')","service":"user-service","stack":"TypeError: Cannot read properties of undefined (reading 'create')\n    at createDiscount (C:\\Users\\singh\\Desktop\\ecommerce\\backend\\controllers\\discount.controller.js:14:37)\n    at Layer.handle [as handle_request] (C:\\Users\\singh\\Desktop\\ecommerce\\backend\\node_modules\\express\\lib\\router\\layer.js:95:5)\n    at next (C:\\Users\\singh\\Desktop\\ecommerce\\backend\\node_modules\\express\\lib\\router\\route.js:144:13)\n    at Route.dispatch (C:\\Users\\singh\\Desktop\\ecommerce\\backend\\node_modules\\express\\lib\\router\\route.js:114:3)\n    at Layer.handle [as handle_request] (C:\\Users\\singh\\Desktop\\ecommerce\\backend\\node_modules\\express\\lib\\router\\layer.js:95:5)\n    at C:\\Users\\singh\\Desktop\\ecommerce\\backend\\node_modules\\express\\lib\\router\\index.js:284:15\n    at Function.process_params (C:\\Users\\singh\\Desktop\\ecommerce\\backend\\node_modules\\express\\lib\\router\\index.js:346:12)\n    at next (C:\\Users\\singh\\Desktop\\ecommerce\\backend\\node_modules\\express\\lib\\router\\index.js:280:10)\n    at Function.handle (C:\\Users\\singh\\Desktop\\ecommerce\\backend\\node_modules\\express\\lib\\router\\index.js:175:3)\n    at router (C:\\Users\\singh\\Desktop\\ecommerce\\backend\\node_modules\\express\\lib\\router\\index.js:47:12)"}
{"level":"info","message":"[CONNECTED TO DATABASE]","service":"user-service"}
{"level":"info","message":"[BACKEND-MICROSERVICE (http) LISTENING ON PORT:8000 ENV:undefined]","service":"user-service"}
{"level":"error","message":"Error while creating discount Cannot read properties of undefined (reading 'create')","service":"user-service","stack":"TypeError: Cannot read properties of undefined (reading 'create')\n    at createDiscount (C:\\Users\\singh\\Desktop\\ecommerce\\backend\\controllers\\discount.controller.js:14:37)\n    at Layer.handle [as handle_request] (C:\\Users\\singh\\Desktop\\ecommerce\\backend\\node_modules\\express\\lib\\router\\layer.js:95:5)\n    at next (C:\\Users\\singh\\Desktop\\ecommerce\\backend\\node_modules\\express\\lib\\router\\route.js:144:13)\n    at Route.dispatch (C:\\Users\\singh\\Desktop\\ecommerce\\backend\\node_modules\\express\\lib\\router\\route.js:114:3)\n    at Layer.handle [as handle_request] (C:\\Users\\singh\\Desktop\\ecommerce\\backend\\node_modules\\express\\lib\\router\\layer.js:95:5)\n    at C:\\Users\\singh\\Desktop\\ecommerce\\backend\\node_modules\\express\\lib\\router\\index.js:284:15\n    at Function.process_params (C:\\Users\\singh\\Desktop\\ecommerce\\backend\\node_modules\\express\\lib\\router\\index.js:346:12)\n    at next (C:\\Users\\singh\\Desktop\\ecommerce\\backend\\node_modules\\express\\lib\\router\\index.js:280:10)\n    at Function.handle (C:\\Users\\singh\\Desktop\\ecommerce\\backend\\node_modules\\express\\lib\\router\\index.js:175:3)\n    at router (C:\\Users\\singh\\Desktop\\ecommerce\\backend\\node_modules\\express\\lib\\router\\index.js:47:12)"}
{"level":"error","message":"Error while creating discount Cannot read properties of undefined (reading 'create')","service":"user-service","stack":"TypeError: Cannot read properties of undefined (reading 'create')\n    at createDiscount (C:\\Users\\singh\\Desktop\\ecommerce\\backend\\controllers\\discount.controller.js:14:37)\n    at Layer.handle [as handle_request] (C:\\Users\\singh\\Desktop\\ecommerce\\backend\\node_modules\\express\\lib\\router\\layer.js:95:5)\n    at next (C:\\Users\\singh\\Desktop\\ecommerce\\backend\\node_modules\\express\\lib\\router\\route.js:144:13)\n    at Route.dispatch (C:\\Users\\singh\\Desktop\\ecommerce\\backend\\node_modules\\express\\lib\\router\\route.js:114:3)\n    at Layer.handle [as handle_request] (C:\\Users\\singh\\Desktop\\ecommerce\\backend\\node_modules\\express\\lib\\router\\layer.js:95:5)\n    at C:\\Users\\singh\\Desktop\\ecommerce\\backend\\node_modules\\express\\lib\\router\\index.js:284:15\n    at Function.process_params (C:\\Users\\singh\\Desktop\\ecommerce\\backend\\node_modules\\express\\lib\\router\\index.js:346:12)\n    at next (C:\\Users\\singh\\Desktop\\ecommerce\\backend\\node_modules\\express\\lib\\router\\index.js:280:10)\n    at Function.handle (C:\\Users\\singh\\Desktop\\ecommerce\\backend\\node_modules\\express\\lib\\router\\index.js:175:3)\n    at router (C:\\Users\\singh\\Desktop\\ecommerce\\backend\\node_modules\\express\\lib\\router\\index.js:47:12)"}
{"level":"info","message":"[CONNECTED TO DATABASE]","service":"user-service"}
{"level":"info","message":"[BACKEND-MICROSERVICE (http) LISTENING ON PORT:8000 ENV:undefined]","service":"user-service"}
{"level":"info","message":"[CONNECTED TO DATABASE]","service":"user-service"}
{"level":"info","message":"[BACKEND-MICROSERVICE (http) LISTENING ON PORT:8000 ENV:undefined]","service":"user-service"}
{"level":"info","message":"[CONNECTED TO DATABASE]","service":"user-service"}
{"level":"info","message":"[BACKEND-MICROSERVICE (http) LISTENING ON PORT:8000 ENV:undefined]","service":"user-service"}
{"level":"info","message":"[CONNECTED TO DATABASE]","service":"user-service"}
{"level":"info","message":"[BACKEND-MICROSERVICE (http) LISTENING ON PORT:8000 ENV:undefined]","service":"user-service"}
{"level":"info","message":"[CONNECTED TO DATABASE]","service":"user-service"}
{"level":"info","message":"[BACKEND-MICROSERVICE (http) LISTENING ON PORT:8000 ENV:undefined]","service":"user-service"}
{"level":"info","message":"[CONNECTED TO DATABASE]","service":"user-service"}
{"level":"info","message":"[BACKEND-MICROSERVICE (http) LISTENING ON PORT:8000 ENV:undefined]","service":"user-service"}
{"level":"info","message":"[CONNECTED TO DATABASE]","service":"user-service"}
{"level":"info","message":"[BACKEND-MICROSERVICE (http) LISTENING ON PORT:8000 ENV:undefined]","service":"user-service"}
{"level":"info","message":"[CONNECTED TO DATABASE]","service":"user-service"}
{"level":"info","message":"[BACKEND-MICROSERVICE (http) LISTENING ON PORT:8000 ENV:undefined]","service":"user-service"}
{"level":"info","message":"[CONNECTED TO DATABASE]","service":"user-service"}
{"level":"info","message":"[BACKEND-MICROSERVICE (http) LISTENING ON PORT:8000 ENV:undefined]","service":"user-service"}
{"level":"info","message":"[CONNECTED TO DATABASE]","service":"user-service"}
{"level":"info","message":"[BACKEND-MICROSERVICE (http) LISTENING ON PORT:8000 ENV:undefined]","service":"user-service"}
{"level":"info","message":"[CONNECTED TO DATABASE]","service":"user-service"}
{"level":"info","message":"[BACKEND-MICROSERVICE (http) LISTENING ON PORT:8000 ENV:undefined]","service":"user-service"}
{"level":"info","message":"[CONNECTED TO DATABASE]","service":"user-service"}
{"level":"info","message":"[BACKEND-MICROSERVICE (http) LISTENING ON PORT:8000 ENV:undefined]","service":"user-service"}
{"level":"info","message":"[CONNECTED TO DATABASE]","service":"user-service"}
{"level":"info","message":"[BACKEND-MICROSERVICE (http) LISTENING ON PORT:8000 ENV:undefined]","service":"user-service"}
{"level":"info","message":"[CONNECTED TO DATABASE]","service":"user-service"}
{"level":"info","message":"[BACKEND-MICROSERVICE (http) LISTENING ON PORT:8000 ENV:undefined]","service":"user-service"}
{"level":"info","message":"[CONNECTED TO DATABASE]","service":"user-service"}
{"level":"info","message":"[BACKEND-MICROSERVICE (http) LISTENING ON PORT:8000 ENV:undefined]","service":"user-service"}
{"level":"info","message":"[CONNECTED TO DATABASE]","service":"user-service"}
{"level":"info","message":"[BACKEND-MICROSERVICE (http) LISTENING ON PORT:8000 ENV:undefined]","service":"user-service"}
{"level":"info","message":"[CONNECTED TO DATABASE]","service":"user-service"}
{"level":"info","message":"[BACKEND-MICROSERVICE (http) LISTENING ON PORT:8000 ENV:undefined]","service":"user-service"}
{"level":"info","message":"[CONNECTED TO DATABASE]","service":"user-service"}
{"level":"info","message":"[BACKEND-MICROSERVICE (http) LISTENING ON PORT:8000 ENV:undefined]","service":"user-service"}
{"level":"info","message":"[CONNECTED TO DATABASE]","service":"user-service"}
{"level":"info","message":"[BACKEND-MICROSERVICE (http) LISTENING ON PORT:8000 ENV:undefined]","service":"user-service"}
{"level":"info","message":"[CONNECTED TO DATABASE]","service":"user-service"}
{"level":"info","message":"[BACKEND-MICROSERVICE (http) LISTENING ON PORT:8000 ENV:undefined]","service":"user-service"}
{"level":"info","message":"[CONNECTED TO DATABASE]","service":"user-service"}
{"level":"info","message":"[BACKEND-MICROSERVICE (http) LISTENING ON PORT:8000 ENV:undefined]","service":"user-service"}
{"level":"info","message":"[CONNECTED TO DATABASE]","service":"user-service"}
{"level":"info","message":"[BACKEND-MICROSERVICE (http) LISTENING ON PORT:8000 ENV:undefined]","service":"user-service"}
{"level":"info","message":"[CONNECTED TO DATABASE]","service":"user-service"}
{"level":"info","message":"[BACKEND-MICROSERVICE (http) LISTENING ON PORT:8000 ENV:undefined]","service":"user-service"}
{"level":"info","message":"[CONNECTED TO DATABASE]","service":"user-service"}
{"level":"info","message":"[BACKEND-MICROSERVICE (http) LISTENING ON PORT:8000 ENV:undefined]","service":"user-service"}
{"level":"info","message":"[CONNECTED TO DATABASE]","service":"user-service"}
{"level":"info","message":"[BACKEND-MICROSERVICE (http) LISTENING ON PORT:8000 ENV:undefined]","service":"user-service"}
{"level":"info","message":"[CONNECTED TO DATABASE]","service":"user-service"}
{"level":"info","message":"[BACKEND-MICROSERVICE (http) LISTENING ON PORT:8000 ENV:undefined]","service":"user-service"}
{"level":"info","message":"[CONNECTED TO DATABASE]","service":"user-service"}
{"level":"info","message":"[BACKEND-MICROSERVICE (http) LISTENING ON PORT:8000 ENV:undefined]","service":"user-service"}
{"level":"info","message":"[CONNECTED TO DATABASE]","service":"user-service"}
{"level":"info","message":"[BACKEND-MICROSERVICE (http) LISTENING ON PORT:8000 ENV:undefined]","service":"user-service"}
{"level":"info","message":"[CONNECTED TO DATABASE]","service":"user-service"}
{"level":"info","message":"[BACKEND-MICROSERVICE (http) LISTENING ON PORT:8000 ENV:undefined]","service":"user-service"}
{"level":"info","message":"[CONNECTED TO DATABASE]","service":"user-service"}
{"level":"info","message":"[BACKEND-MICROSERVICE (http) LISTENING ON PORT:8000 ENV:undefined]","service":"user-service"}
{"level":"info","message":"[CONNECTED TO DATABASE]","service":"user-service"}
{"level":"info","message":"[BACKEND-MICROSERVICE (http) LISTENING ON PORT:8000 ENV:undefined]","service":"user-service"}
{"level":"info","message":"[CONNECTED TO DATABASE]","service":"user-service"}
{"level":"info","message":"[BACKEND-MICROSERVICE (http) LISTENING ON PORT:8000 ENV:undefined]","service":"user-service"}
{"level":"info","message":"[CONNECTED TO DATABASE]","service":"user-service"}
{"level":"info","message":"[BACKEND-MICROSERVICE (http) LISTENING ON PORT:8000 ENV:undefined]","service":"user-service"}
{"level":"info","message":"[CONNECTED TO DATABASE]","service":"user-service"}
{"level":"info","message":"[BACKEND-MICROSERVICE (http) LISTENING ON PORT:8000 ENV:undefined]","service":"user-service"}
{"level":"info","message":"[CONNECTED TO DATABASE]","service":"user-service"}
{"level":"info","message":"[BACKEND-MICROSERVICE (http) LISTENING ON PORT:8000 ENV:undefined]","service":"user-service"}
{"level":"info","message":"[CONNECTED TO DATABASE]","service":"user-service"}
{"level":"info","message":"[BACKEND-MICROSERVICE (http) LISTENING ON PORT:8000 ENV:undefined]","service":"user-service"}
{"level":"info","message":"[CONNECTED TO DATABASE]","service":"user-service"}
{"level":"info","message":"[BACKEND-MICROSERVICE (http) LISTENING ON PORT:8000 ENV:undefined]","service":"user-service"}
{"level":"info","message":"[CONNECTED TO DATABASE]","service":"user-service"}
{"level":"info","message":"[BACKEND-MICROSERVICE (http) LISTENING ON PORT:8000 ENV:undefined]","service":"user-service"}
{"level":"info","message":"[CONNECTED TO DATABASE]","service":"user-service"}
{"level":"info","message":"[BACKEND-MICROSERVICE (http) LISTENING ON PORT:8000 ENV:undefined]","service":"user-service"}
{"level":"info","message":"[CONNECTED TO DATABASE]","service":"user-service"}
{"level":"info","message":"[BACKEND-MICROSERVICE (http) LISTENING ON PORT:8000 ENV:undefined]","service":"user-service"}
{"level":"info","message":"[CONNECTED TO DATABASE]","service":"user-service"}
{"level":"info","message":"[BACKEND-MICROSERVICE (http) LISTENING ON PORT:8000 ENV:undefined]","service":"user-service"}
{"level":"info","message":"[CONNECTED TO DATABASE]","service":"user-service"}
{"level":"info","message":"[BACKEND-MICROSERVICE (http) LISTENING ON PORT:8000 ENV:undefined]","service":"user-service"}
{"level":"info","message":"[CONNECTED TO DATABASE]","service":"user-service"}
{"level":"info","message":"[BACKEND-MICROSERVICE (http) LISTENING ON PORT:8000 ENV:undefined]","service":"user-service"}
